<?xml version="1.0" encoding="UTF-8"?>
<!-- Generated by org.testng.reporters.JUnitXMLReporter -->
<testsuite ignored="0" hostname="DESKTOP-LP7PGH8" failures="0" tests="2" name="Default test" time="25.619" errors="0" timestamp="2024-08-31T15:23:15 IST">
  <testcase classname="practiceautomation.shoppingApplication.Ecommerce_application_purchase_product" name="purchaseProduct" time="4.673"/>
  <testcase classname="practiceautomation.shoppingApplication.Ecommerce_application_purchase_product" name="verifyOrderHistory" time="1.887"/>
</testsuite> <!-- Default test -->
