<?xml version="1.0" encoding="UTF-8"?>
<!-- Generated by org.testng.reporters.JUnitXMLReporter -->
<testsuite ignored="0" hostname="DESKTOP-LP7PGH8" failures="0" tests="2" name="Test" time="22.565" errors="0" timestamp="2024-08-31T20:30:14 IST">
  <testcase classname="practiceautomation.shoppingApplication.Ecommerce_application_purchase_product_Test" name="purchaseProduct" time="4.546"/>
  <testcase classname="practiceautomation.shoppingApplication.Ecommerce_application_purchase_product_Test" name="verifyOrderHistory" time="1.451"/>
</testsuite> <!-- Test -->
