<?xml version="1.0" encoding="UTF-8"?>
<!-- Generated by org.testng.reporters.JUnitXMLReporter -->
<testsuite ignored="0" hostname="DESKTOP-LP7PGH8" failures="0" tests="2" name="Test" time="20.108" errors="0" timestamp="2024-08-31T22:11:31 IST">
  <testcase classname="practiceautomation.shoppingApplication.Ecommerce_application_purchase_product_Test" name="purchaseProduct" time="5.016"/>
  <testcase classname="practiceautomation.shoppingApplication.Ecommerce_application_purchase_product_Test" name="verifyOrderHistory" time="1.713"/>
</testsuite> <!-- Test -->
