<?xml version="1.0" encoding="UTF-8"?>
<testng-results ignored="0" total="2" passed="2" failed="0" skipped="0">
  <reporter-output>
  </reporter-output>
  <suite started-at="2024-08-31T22:11:11 IST" name="Suite" finished-at="2024-08-31T22:11:31 IST" duration-ms="20108">
    <groups>
    </groups>
    <test started-at="2024-08-31T22:11:11 IST" name="Test" finished-at="2024-08-31T22:11:31 IST" duration-ms="20108">
      <class name="practiceautomation.shoppingApplication.Ecommerce_application_purchase_product_Test">
        <test-method is-config="true" signature="launchApplication()[pri:0, instance:practiceautomation.shoppingApplication.Ecommerce_application_purchase_product_Test@6cc4cdb9]" started-at="2024-08-31T22:11:11 IST" name="launchApplication" finished-at="2024-08-31T22:11:20 IST" duration-ms="9123" status="PASS">
          <reporter-output>
          </reporter-output>
        </test-method> <!-- launchApplication -->
        <test-method signature="purchaseProduct(java.util.HashMap,org.testng.ITestContext)[pri:0, instance:practiceautomation.shoppingApplication.Ecommerce_application_purchase_product_Test@6cc4cdb9]" started-at="2024-08-31T22:11:20 IST" name="purchaseProduct" data-provider="getTestData" finished-at="2024-08-31T22:11:25 IST" duration-ms="5016" status="PASS">
          <params>
            <param index="0">
              <value>
                <![CDATA[{country=India, password=Password@10, product=ZARA COAT 3, username=tester666@gmail.com}]]>
              </value>
            </param>
            <param index="1">
              <value>
                <![CDATA[org.testng.TestRunner@41fed14f]]>
              </value>
            </param>
          </params>
          <reporter-output>
          </reporter-output>
        </test-method> <!-- purchaseProduct -->
        <test-method is-config="true" signature="tearDown()[pri:0, instance:practiceautomation.shoppingApplication.Ecommerce_application_purchase_product_Test@6cc4cdb9]" started-at="2024-08-31T22:11:25 IST" name="tearDown" finished-at="2024-08-31T22:11:26 IST" duration-ms="351" status="PASS">
          <reporter-output>
          </reporter-output>
        </test-method> <!-- tearDown -->
        <test-method is-config="true" signature="launchApplication()[pri:0, instance:practiceautomation.shoppingApplication.Ecommerce_application_purchase_product_Test@6cc4cdb9]" started-at="2024-08-31T22:11:26 IST" name="launchApplication" finished-at="2024-08-31T22:11:29 IST" duration-ms="2995" status="PASS">
          <reporter-output>
          </reporter-output>
        </test-method> <!-- launchApplication -->
        <test-method signature="verifyOrderHistory(java.util.HashMap,org.testng.ITestContext)[pri:0, instance:practiceautomation.shoppingApplication.Ecommerce_application_purchase_product_Test@6cc4cdb9]" started-at="2024-08-31T22:11:29 IST" name="verifyOrderHistory" data-provider="getTestData" finished-at="2024-08-31T22:11:30 IST" duration-ms="1713" status="PASS">
          <params>
            <param index="0">
              <value>
                <![CDATA[{country=India, password=Password@10, product=ZARA COAT 3, username=tester666@gmail.com}]]>
              </value>
            </param>
            <param index="1">
              <value>
                <![CDATA[org.testng.TestRunner@41fed14f]]>
              </value>
            </param>
          </params>
          <reporter-output>
          </reporter-output>
        </test-method> <!-- verifyOrderHistory -->
        <test-method is-config="true" signature="tearDown()[pri:0, instance:practiceautomation.shoppingApplication.Ecommerce_application_purchase_product_Test@6cc4cdb9]" started-at="2024-08-31T22:11:30 IST" name="tearDown" finished-at="2024-08-31T22:11:31 IST" duration-ms="448" status="PASS">
          <reporter-output>
          </reporter-output>
        </test-method> <!-- tearDown -->
      </class> <!-- practiceautomation.shoppingApplication.Ecommerce_application_purchase_product_Test -->
    </test> <!-- Test -->
  </suite> <!-- Suite -->
</testng-results>
